<?xml version="1.0" encoding="UTF-8"?>
<testng-results skipped="0" failed="0" ignored="0" total="1" passed="1">
  <reporter-output>
  </reporter-output>
  <suite name="Default suite" duration-ms="16576" started-at="2017-04-17T16:25:12Z" finished-at="2017-04-17T16:25:29Z">
    <groups>
    </groups>
    <test name="Default test" duration-ms="16576" started-at="2017-04-17T16:25:12Z" finished-at="2017-04-17T16:25:29Z">
      <class name="AalimPak.AalimCls">
        <test-method status="PASS" signature="myMet2()[pri:0, instance:AalimPak.AalimCls@458ad742]" name="myMet2" duration-ms="16534" started-at="2017-04-17T17:25:12Z" finished-at="2017-04-17T17:25:29Z">
          <reporter-output>
          </reporter-output>
        </test-method> <!-- myMet2 -->
      </class> <!-- AalimPak.AalimCls -->
    </test> <!-- Default test -->
  </suite> <!-- Default suite -->
</testng-results>
